Traceback (most recent call last):
  File "C:\Users\dmitr\OneDrive\Desktop\AL\ParserSteel\ru_splav_sync.py", line 540, in <module>
    main()
  File "C:\Users\dmitr\OneDrive\Desktop\AL\ParserSteel\ru_splav_sync.py", line 528, in main
    missing, mismatches, updates = compare_and_apply(
                                   ^^^^^^^^^^^^^^^^^^
  File "C:\Users\dmitr\OneDrive\Desktop\AL\ParserSteel\ru_splav_sync.py", line 437, in compare_and_apply
    write_csv(
  File "C:\Users\dmitr\OneDrive\Desktop\AL\ParserSteel\ru_splav_sync.py", line 297, in write_csv
    writer.writerow({key: row.get(key) for key in header})
                    ^^^^^^^^^^^^^^^^^^^^^^^^^^^^^^^^^^^^^
  File "C:\Users\dmitr\OneDrive\Desktop\AL\ParserSteel\ru_splav_sync.py", line 297, in <dictcomp>
    writer.writerow({key: row.get(key) for key in header})
                          ^^^^^^^
AttributeError: 'list' object has no attribute 'get'
Traceback (most recent call last):
  File "C:\Users\dmitr\OneDrive\Desktop\AL\ParserSteel\ru_metallicheckiy_sync.py", line 554, in <module>
    main()
  File "C:\Users\dmitr\OneDrive\Desktop\AL\ParserSteel\ru_metallicheckiy_sync.py", line 510, in main
    records = build_records(grades, report_dir, refresh=args.refresh, delay=args.delay, limit=args.limit)
              ^^^^^^^^^^^^^^^^^^^^^^^^^^^^^^^^^^^^^^^^^^^^^^^^^^^^^^^^^^^^^^^^^^^^^^^^^^^^^^^^^^^^^^^^^^^
  File "C:\Users\dmitr\OneDrive\Desktop\AL\ParserSteel\ru_metallicheckiy_sync.py", line 273, in build_records
    html = fetch(
           ^^^^^^
  File "C:\Users\dmitr\OneDrive\Desktop\AL\ParserSteel\ru_metallicheckiy_sync.py", line 133, in fetch
    raw = resp.read()
          ^^^^^^^^^^^
  File "C:\Users\dmitr\AppData\Local\Programs\Python\Python311\Lib\http\client.py", line 467, in read
    return self._read_chunked(amt)
           ^^^^^^^^^^^^^^^^^^^^^^^
  File "C:\Users\dmitr\AppData\Local\Programs\Python\Python311\Lib\http\client.py", line 599, in _read_chunked
    value.append(self._safe_read(chunk_left))
                 ^^^^^^^^^^^^^^^^^^^^^^^^^^^
  File "C:\Users\dmitr\AppData\Local\Programs\Python\Python311\Lib\http\client.py", line 638, in _safe_read
    data = self.fp.read(amt)
           ^^^^^^^^^^^^^^^^^
  File "C:\Users\dmitr\AppData\Local\Programs\Python\Python311\Lib\socket.py", line 706, in readinto
    return self._sock.recv_into(b)
           ^^^^^^^^^^^^^^^^^^^^^^^
  File "C:\Users\dmitr\AppData\Local\Programs\Python\Python311\Lib\ssl.py", line 1315, in recv_into
    return self.read(nbytes, buffer)
           ^^^^^^^^^^^^^^^^^^^^^^^^^
  File "C:\Users\dmitr\AppData\Local\Programs\Python\Python311\Lib\ssl.py", line 1167, in read
    return self._sslobj.read(len, buffer)
           ^^^^^^^^^^^^^^^^^^^^^^^^^^^^^^
TimeoutError: The read operation timed out
