Processed 100/5993
Processed 200/5993
Processed 300/5993
Processed 400/5993
Processed 500/5993
Processed 600/5993
Processed 700/5993
Processed 800/5993
Processed 900/5993
Processed 1000/5993
Processed 1100/5993
Processed 1200/5993
Processed 1300/5993
Processed 1400/5993
Processed 1500/5993
Processed 1600/5993
Processed 1700/5993
Processed 1800/5993
Processed 1900/5993
Processed 2000/5993
Processed 2100/5993
Processed 2200/5993
Processed 2300/5993
Processed 2400/5993
Processed 2500/5993
Processed 2600/5993
Processed 2700/5993
Processed 2800/5993
Processed 2900/5993
Processed 3000/5993
Processed 3100/5993
Processed 3200/5993
Processed 3300/5993
Processed 3400/5993
Processed 3500/5993
Processed 3600/5993
Processed 3700/5993
Processed 3800/5993
Processed 3900/5993
Processed 4000/5993
Processed 4100/5993
Processed 4200/5993
Processed 4300/5993
Processed 4400/5993
Processed 4500/5993
Processed 4600/5993
Processed 4700/5993
Processed 4800/5993
Processed 4900/5993
Processed 5000/5993
Processed 5100/5993
Processed 5200/5993
Processed 5300/5993
Processed 5400/5993
Processed 5500/5993
Processed 5600/5993
Processed 5700/5993
Processed 5800/5993
Processed 5900/5993
Processed 5993/5993
Pages parsed: 5985
Errors: 8
Updates: 0
Missing page info: 9
